<?xml version="1.0" encoding="utf-8"?>
<shfbBuild product="Sandcastle Help File Builder and Tools" version="2023.3.4.0" projectFile="C:\Users\Jean\OneDrive\Bureau\BTS\Documentation.shfbproj" started="10/04/2023 17:39:49">
<buildStep step="Initializing">
The Sandcastle tools are located in &#39;C:\Program Files (x86)\EWSoftware\Sandcastle Help File Builder&#39;
Locating components in the following folder(s):
    C:\Users\Jean\OneDrive\Bureau\BTS
    C:\ProgramData\EWSoftware\Sandcastle Help File Builder\Components and Plug-Ins
    C:\Program Files (x86)\EWSoftware\Sandcastle Help File Builder\Components
Using framework reflection data for &#39;.NET Framework 4.7.2&#39; located in &#39;C:\Program Files (x86)\EWSoftware\Sandcastle Help File Builder\Data\.NETFramework&#39;
Using presentation style &#39;Default2022&#39; located in &#39;C:\Program Files (x86)\EWSoftware\Sandcastle Help File Builder\Components\Default2022&#39;
Loading and initializing plug-ins...
Website Table of Contents Generator Version 2023.3.4.0
Copyright &#169; 2006-2023, Eric Woodruff, All Rights Reserved
-------------------------------
Clearing any prior web/markdown output...
</buildStep>
<buildStep step="ValidatingDocumentationSources">
Validating and copying documentation source information
Source: C:\Users\Jean\OneDrive\Bureau\BTS\2&#232;me Ann&#233;e\Ateliers\Atelier 3\MediaTekDocuments\MediaTekDocuments\bin\Debug\MediaTekDocuments.exe
    Found assembly &#39;C:\Users\Jean\OneDrive\Bureau\BTS\2&#232;me Ann&#233;e\Ateliers\Atelier 3\MediaTekDocuments\MediaTekDocuments\bin\Debug\MediaTekDocuments.exe&#39;
Source: C:\Users\Jean\OneDrive\Bureau\BTS\2&#232;me Ann&#233;e\Ateliers\Atelier 3\MediaTekDocuments\MediaTekDocuments\bin\Debug\MediaTekDocuments.xml

Copying XML comments files
    C:\Users\Jean\OneDrive\Bureau\BTS\2&#232;me Ann&#233;e\Ateliers\Atelier 3\MediaTekDocuments\MediaTekDocuments\bin\Debug\MediaTekDocuments.xml -&gt; C:\Users\Jean\OneDrive\Bureau\BTS\Documentation_Technique\Working\MediaTekDocuments.xml
</buildStep>
<buildStep step="GenerateSharedContent">
Generating shared content files (en-US, Anglais (&#201;tats-Unis))...
    Last step completed in 00:00:00,0011
</buildStep>
<buildStep step="GenerateApiFilter">
Generating API filter for MRefBuilder...
    Last step completed in 00:00:00,0080
</buildStep>
<buildStep step="GenerateReflectionInfo">
Generating reflection information...
[C:\Program Files (x86)\Microsoft Visual Studio\2019\Community\MSBuild\Current\Bin\MSBuild.exe - GenerateRefInfo-bdc22f60-4979-462c-a823-3e231ad061d4.proj]
La g‚n‚ration a d‚marr‚ 10/04/2023 17:39:55.
Projet &quot;C:\Users\Jean\OneDrive\Bureau\BTS\Documentation_Technique\Working\GenerateRefInfo-bdc22f60-4979-462c-a823-3e231ad061d4.proj&quot; sur le noud 1 (cibles par d‚faut).
PrepareForBuild:
  Cr‚ation du r‚pertoire &quot;obj\Debug\&quot;.
GenerateBindingRedirects:
  Aucune redirection de liaison sugg‚r‚e … partir de ResolveAssemblyReferences.
GenerateRefInfo:
  Microsoft.Build (v16.11.2+f3225964253d565862806752e54a7608191a9035)
  &#184; Microsoft Corporation. All rights reserved.
  No source code context base path specified.  Source context information is unavailable.
  Loaded 1 assemblies for reflection and 1 dependency assemblies.
  Wrote information on 6 namespaces, 29 types, and 824 members
  Merging duplicate type and member information
  Merged 0 duplicate type(s) and 0 duplicate member(s)
G‚n‚ration du projet &quot;C:\Users\Jean\OneDrive\Bureau\BTS\Documentation_Technique\Working\GenerateRefInfo-bdc22f60-4979-462c-a823-3e231ad061d4.proj&quot; termin‚e (cibles par d‚faut).
    Last step completed in 00:00:02,1962
</buildStep>
<buildStep step="ApplyDocumentModel">
Applying document model to reflection output...
    Last step completed in 00:00:00,0824
</buildStep>
<buildStep step="AddNamespaceGroups">
Adding namespace group entries...
Added 1 namespace group entries
    Last step completed in 00:00:00,0524
</buildStep>
<buildStep step="AddApiTopicFilenames">
Adding topic filenames to API members...
    Last step completed in 00:00:00,0507
</buildStep>
<buildStep step="GenerateApiTopicManifest">
Generating API topic manifest...
    Last step completed in 00:00:00,0521
</buildStep>
<buildStep step="GenerateNamespaceSummaries">
Generating namespace summary information...
    Last step completed in 00:00:00,0095
</buildStep>
<buildStep step="CopyAdditionalContent">
Copying additional content files...
No additional content to copy
    Last step completed in 00:00:00,0000
</buildStep>
<buildStep step="MergeTablesOfContents">
Merging conceptual and additional tables of contents...
    Last step completed in 00:00:00,0000
</buildStep>
<buildStep step="GenerateIntermediateTableOfContents">
Generating intermediate table of contents file for API content...
Generating conceptual content intermediate TOC file...
    Last step completed in 00:00:00,0261
</buildStep>
<buildStep step="CreateBuildAssemblerConfigs">
Creating Sandcastle configuration files...
    Last step completed in 00:00:00,0411
</buildStep>
<buildStep step="CombiningIntermediateTocFiles">
Combining conceptual and API intermediate TOC files...
    Last step completed in 00:00:00,0010
</buildStep>
<buildStep step="MergeCustomConfigs">
Merging custom build component configurations
C:\Users\Jean\OneDrive\Bureau\BTS\Documentation_Technique\Working\BuildAssembler.config
  Updating reference topic configurations.
  No conceptual content.  Removing conceptual content components.
    Last step completed in 00:00:00,0110
</buildStep>
<buildStep step="BuildTopics">
Building help topics...
<plugIn name="Website Table of Contents Generator" behavior="Before" priority="1000">
Loading TOC info and adding unique IDs to parent nodes
</plugIn>Loading configuration...
Processing topics...
SHFB: Warning BE0066: ResolveReferenceLinksComponent: [T:MediaTekDocuments.dal.Access.CustomBooleanJsonConverter] Unknown reference link target &#39;T:Newtonsoft.Json.JsonConverter&#39;.
SHFB: Warning BE0066: ResolveReferenceLinksComponent: [T:MediaTekDocuments.dal.Access.CustomBooleanJsonConverter] Unknown reference link target &#39;T:Newtonsoft.Json.JsonConverter`1&#39;.
SHFB: Warning BE0066: ResolveReferenceLinksComponent: [T:MediaTekDocuments.dal.Access.CustomBooleanJsonConverter] Unknown reference link target &#39;M:Newtonsoft.Json.JsonConverter`1.ReadJson(Newtonsoft.Json.JsonReader,System.Type,`0,System.Boolean,Newtonsoft.Json.JsonSerializer)&#39;.
SHFB: Warning BE0066: ResolveReferenceLinksComponent: [T:MediaTekDocuments.dal.Access.CustomBooleanJsonConverter] Unknown reference link target &#39;M:Newtonsoft.Json.JsonConverter`1.WriteJson(Newtonsoft.Json.JsonWriter,`0,Newtonsoft.Json.JsonSerializer)&#39;.
SHFB: Warning BE0066: ResolveReferenceLinksComponent: [Methods.T:MediaTekDocuments.dal.Access.CustomBooleanJsonConverter] Unknown reference link target &#39;M:Newtonsoft.Json.JsonConverter`1.ReadJson(Newtonsoft.Json.JsonReader,System.Type,`0,System.Boolean,Newtonsoft.Json.JsonSerializer)&#39;.
SHFB: Warning BE0066: ResolveReferenceLinksComponent: [Methods.T:MediaTekDocuments.dal.Access.CustomBooleanJsonConverter] Unknown reference link target &#39;M:Newtonsoft.Json.JsonConverter`1.WriteJson(Newtonsoft.Json.JsonWriter,`0,Newtonsoft.Json.JsonSerializer)&#39;.
SHFB: Warning BE0066: ResolveReferenceLinksComponent: [M:MediaTekDocuments.dal.Access.CustomBooleanJsonConverter.ReadJson(Newtonsoft.Json.JsonReader,System.Type,System.Boolean,System.Boolean,Newtonsoft.Json.JsonSerializer)] Unknown reference link target &#39;T:Newtonsoft.Json.JsonReader&#39;.
SHFB: Warning BE0066: ResolveReferenceLinksComponent: [M:MediaTekDocuments.dal.Access.CustomBooleanJsonConverter.ReadJson(Newtonsoft.Json.JsonReader,System.Type,System.Boolean,System.Boolean,Newtonsoft.Json.JsonSerializer)] Unknown reference link target &#39;T:Newtonsoft.Json.JsonSerializer&#39;.
SHFB: Warning BE0066: ResolveReferenceLinksComponent: [M:MediaTekDocuments.dal.Access.CustomBooleanJsonConverter.WriteJson(Newtonsoft.Json.JsonWriter,System.Boolean,Newtonsoft.Json.JsonSerializer)] Unknown reference link target &#39;T:Newtonsoft.Json.JsonWriter&#39;.
SHFB: Warning BE0066: ResolveReferenceLinksComponent: [M:MediaTekDocuments.dal.Access.CustomBooleanJsonConverter.WriteJson(Newtonsoft.Json.JsonWriter,System.Boolean,Newtonsoft.Json.JsonSerializer)] Unknown reference link target &#39;T:Newtonsoft.Json.JsonSerializer&#39;.
SHFB: Warning BE0066: ResolveReferenceLinksComponent: [T:MediaTekDocuments.dal.Access.CustomDateTimeConverter] Unknown reference link target &#39;T:Newtonsoft.Json.JsonConverter&#39;.
SHFB: Warning BE0066: ResolveReferenceLinksComponent: [T:MediaTekDocuments.dal.Access.CustomDateTimeConverter] Unknown reference link target &#39;T:Newtonsoft.Json.Converters.DateTimeConverterBase&#39;.
SHFB: Warning BE0066: ResolveReferenceLinksComponent: [T:MediaTekDocuments.dal.Access.CustomDateTimeConverter] Unknown reference link target &#39;T:Newtonsoft.Json.Converters.IsoDateTimeConverter&#39;.
SHFB: Warning BE0066: ResolveReferenceLinksComponent: [M:MediaTekDocuments.manager.ApiRest.RecupDistant(System.String,System.String)] Unknown reference link target &#39;T:Newtonsoft.Json.Linq.JObject&#39;.
Processed 895 topic(s)
14 warning(s)
CopyFromIndexComponent: &quot;reflection&quot; in-memory cache entries used: 6 of 15.
CopyFromIndexComponent: &quot;comments&quot; in-memory cache entries used: 1 of 30.
ResolveReferenceLinksComponent: 15 entries added to the member ID URL cache.  New cache size: 522 entries
<plugIn name="Website Table of Contents Generator" behavior="After" priority="1000">
Generating TOC fragment files
</plugIn>    Last step completed in 00:00:04,1065
</buildStep>
<buildStep step="CopyStandardHelpContent">
Copying standard help content...
C:\Program Files (x86)\EWSoftware\Sandcastle Help File Builder\Components\Default2022\css\bulma.css -&gt; C:\Users\Jean\OneDrive\Bureau\BTS\Documentation_Technique\Working\Output\Website\css\bulma.css
C:\Program Files (x86)\EWSoftware\Sandcastle Help File Builder\Components\Default2022\css\bulma.css.map -&gt; C:\Users\Jean\OneDrive\Bureau\BTS\Documentation_Technique\Working\Output\Website\css\bulma.css.map
C:\Program Files (x86)\EWSoftware\Sandcastle Help File Builder\Components\Default2022\css\bulma.min.css -&gt; C:\Users\Jean\OneDrive\Bureau\BTS\Documentation_Technique\Working\Output\Website\css\bulma.min.css
C:\Program Files (x86)\EWSoftware\Sandcastle Help File Builder\Components\Default2022\css\font-awesome.css -&gt; C:\Users\Jean\OneDrive\Bureau\BTS\Documentation_Technique\Working\Output\Website\css\font-awesome.css
C:\Program Files (x86)\EWSoftware\Sandcastle Help File Builder\Components\Default2022\css\font-awesome.min.css -&gt; C:\Users\Jean\OneDrive\Bureau\BTS\Documentation_Technique\Working\Output\Website\css\font-awesome.min.css
C:\Program Files (x86)\EWSoftware\Sandcastle Help File Builder\Components\Default2022\css\ja-JP.css -&gt; C:\Users\Jean\OneDrive\Bureau\BTS\Documentation_Technique\Working\Output\Website\css\ja-JP.css
C:\Program Files (x86)\EWSoftware\Sandcastle Help File Builder\Components\Default2022\css\ko-KR.css -&gt; C:\Users\Jean\OneDrive\Bureau\BTS\Documentation_Technique\Working\Output\Website\css\ko-KR.css
C:\Program Files (x86)\EWSoftware\Sandcastle Help File Builder\Components\Default2022\css\presentationStyle.css -&gt; C:\Users\Jean\OneDrive\Bureau\BTS\Documentation_Technique\Working\Output\Website\css\presentationStyle.css
C:\Program Files (x86)\EWSoftware\Sandcastle Help File Builder\Components\Default2022\css\vs.min.css -&gt; C:\Users\Jean\OneDrive\Bureau\BTS\Documentation_Technique\Working\Output\Website\css\vs.min.css
C:\Program Files (x86)\EWSoftware\Sandcastle Help File Builder\Components\Default2022\css\zh-CN.css -&gt; C:\Users\Jean\OneDrive\Bureau\BTS\Documentation_Technique\Working\Output\Website\css\zh-CN.css
C:\Program Files (x86)\EWSoftware\Sandcastle Help File Builder\Components\Default2022\css\zh-TW.css -&gt; C:\Users\Jean\OneDrive\Bureau\BTS\Documentation_Technique\Working\Output\Website\css\zh-TW.css
C:\Program Files (x86)\EWSoftware\Sandcastle Help File Builder\Components\Default2022\icons\favicon.ico -&gt; C:\Users\Jean\OneDrive\Bureau\BTS\Documentation_Technique\Working\Output\Website\icons\favicon.ico
C:\Program Files (x86)\EWSoftware\Sandcastle Help File Builder\Components\Default2022\scripts\clipboard.min.js -&gt; C:\Users\Jean\OneDrive\Bureau\BTS\Documentation_Technique\Working\Output\Website\scripts\clipboard.min.js
C:\Program Files (x86)\EWSoftware\Sandcastle Help File Builder\Components\Default2022\scripts\highlight.min.js -&gt; C:\Users\Jean\OneDrive\Bureau\BTS\Documentation_Technique\Working\Output\Website\scripts\highlight.min.js
C:\Program Files (x86)\EWSoftware\Sandcastle Help File Builder\Components\Default2022\scripts\jquery-3.5.1.min.js -&gt; C:\Users\Jean\OneDrive\Bureau\BTS\Documentation_Technique\Working\Output\Website\scripts\jquery-3.5.1.min.js
C:\Program Files (x86)\EWSoftware\Sandcastle Help File Builder\Components\Default2022\scripts\presentationStyle.js -&gt; C:\Users\Jean\OneDrive\Bureau\BTS\Documentation_Technique\Working\Output\Website\scripts\presentationStyle.js
C:\Program Files (x86)\EWSoftware\Sandcastle Help File Builder\Components\Default2022\webfonts\fa-brands-400.ttf -&gt; C:\Users\Jean\OneDrive\Bureau\BTS\Documentation_Technique\Working\Output\Website\webfonts\fa-brands-400.ttf
C:\Program Files (x86)\EWSoftware\Sandcastle Help File Builder\Components\Default2022\webfonts\fa-brands-400.woff2 -&gt; C:\Users\Jean\OneDrive\Bureau\BTS\Documentation_Technique\Working\Output\Website\webfonts\fa-brands-400.woff2
C:\Program Files (x86)\EWSoftware\Sandcastle Help File Builder\Components\Default2022\webfonts\fa-regular-400.ttf -&gt; C:\Users\Jean\OneDrive\Bureau\BTS\Documentation_Technique\Working\Output\Website\webfonts\fa-regular-400.ttf
C:\Program Files (x86)\EWSoftware\Sandcastle Help File Builder\Components\Default2022\webfonts\fa-regular-400.woff2 -&gt; C:\Users\Jean\OneDrive\Bureau\BTS\Documentation_Technique\Working\Output\Website\webfonts\fa-regular-400.woff2
C:\Program Files (x86)\EWSoftware\Sandcastle Help File Builder\Components\Default2022\webfonts\fa-solid-900.ttf -&gt; C:\Users\Jean\OneDrive\Bureau\BTS\Documentation_Technique\Working\Output\Website\webfonts\fa-solid-900.ttf
C:\Program Files (x86)\EWSoftware\Sandcastle Help File Builder\Components\Default2022\webfonts\fa-solid-900.woff2 -&gt; C:\Users\Jean\OneDrive\Bureau\BTS\Documentation_Technique\Working\Output\Website\webfonts\fa-solid-900.woff2
C:\Program Files (x86)\EWSoftware\Sandcastle Help File Builder\Components\Default2022\webfonts\fa-v4compatibility.ttf -&gt; C:\Users\Jean\OneDrive\Bureau\BTS\Documentation_Technique\Working\Output\Website\webfonts\fa-v4compatibility.ttf
C:\Program Files (x86)\EWSoftware\Sandcastle Help File Builder\Components\Default2022\webfonts\fa-v4compatibility.woff2 -&gt; C:\Users\Jean\OneDrive\Bureau\BTS\Documentation_Technique\Working\Output\Website\webfonts\fa-v4compatibility.woff2
C:\Program Files (x86)\EWSoftware\Sandcastle Help File Builder\Components\Default2022\RootWebsiteContent\GeneralError.html -&gt; C:\Users\Jean\OneDrive\Bureau\BTS\Documentation_Technique\Working\Output\Website\GeneralError.html
C:\Program Files (x86)\EWSoftware\Sandcastle Help File Builder\Components\Default2022\RootWebsiteContent\index.html -&gt; C:\Users\Jean\OneDrive\Bureau\BTS\Documentation_Technique\Working\Output\Website\index.html
C:\Program Files (x86)\EWSoftware\Sandcastle Help File Builder\Components\Default2022\RootWebsiteContent\PageNotFound.html -&gt; C:\Users\Jean\OneDrive\Bureau\BTS\Documentation_Technique\Working\Output\Website\PageNotFound.html
C:\Program Files (x86)\EWSoftware\Sandcastle Help File Builder\Components\Default2022\RootWebsiteContent\search.html -&gt; C:\Users\Jean\OneDrive\Bureau\BTS\Documentation_Technique\Working\Output\Website\search.html
C:\Program Files (x86)\EWSoftware\Sandcastle Help File Builder\Components\Default2022\RootWebsiteContent\SearchHelp.aspx -&gt; C:\Users\Jean\OneDrive\Bureau\BTS\Documentation_Technique\Working\Output\Website\SearchHelp.aspx
C:\Program Files (x86)\EWSoftware\Sandcastle Help File Builder\Components\Default2022\RootWebsiteContent\SearchHelp.inc.php -&gt; C:\Users\Jean\OneDrive\Bureau\BTS\Documentation_Technique\Working\Output\Website\SearchHelp.inc.php
C:\Program Files (x86)\EWSoftware\Sandcastle Help File Builder\Components\Default2022\RootWebsiteContent\SearchHelp.php -&gt; C:\Users\Jean\OneDrive\Bureau\BTS\Documentation_Technique\Working\Output\Website\SearchHelp.php
C:\Program Files (x86)\EWSoftware\Sandcastle Help File Builder\Components\Default2022\RootWebsiteContent\Web.Config -&gt; C:\Users\Jean\OneDrive\Bureau\BTS\Documentation_Technique\Working\Output\Website\Web.Config
    Last step completed in 00:00:00,0355
</buildStep>
<buildStep step="GenerateFullTextIndex">
Generating full-text index for the website...

    Last step completed in 00:00:00,1956
</buildStep>
<buildStep step="CopyingWebsiteFiles">
Copying website files to output folder...

Copied 500 files
Copied 1000 files
Copied 1025 files for the website content
    Last step completed in 00:00:00,6714
</buildStep>
<buildStep step="CleanIntermediates">
Removing intermediate files...
    Last step completed in 00:00:00,1244
</buildStep>
<buildStep step="Completed">

Build completed successfully at 10/04/2023 17:40:03.  Total time: 00:00:13,9229

</buildStep>
</shfbBuild>
